Log file open, 11/20/22 19:39:55
LogPlatformFile: Not using cached read wrapper
LogICUInternationalization: ICU TimeZone Detection - Raw Offset: +2:00, Platform Override: ''
LogInit: Build: ++UE5+Release-5.0-CL-20979098
LogInit: Engine Version: 5.0.3-20979098+++UE5+Release-5.0
LogInit: Compatible Engine Version: 5.0.0-19505902+++UE5+Release-5.0
LogInit: Net CL: 19505902
LogInit: OS: Arch Linux (6.0.9-arch1-1), CPU: Intel(R) Core(TM) i7-10750H CPU @ 2.60GHz, GPU: GenericGPUBrand
LogInit: Compiled (64-bit): Jul  7 2022 02:53:08
LogInit: Compiled with Clang: 13.0.1 
LogInit: Build Configuration: Shipping
LogInit: Branch Name: ++UE5+Release-5.0
LogInit: Command Line:  -Abslog="/home/dominykas/Git/VrBowling/Saved/Logs/VrBowling-CRC.log" -Unattended "/home/dominykas/Git/VrBowling/Saved/Crashes/ensureinfo-VrBowling-pid-4521-3BCBAFD030474935A50C1EFF8C66E0DA/"
LogInit: Base Directory: /home/dominykas/ROOTUNREALDINGS/unreal-engine/Engine/Binaries/Linux/
LogInit: Allocator: Mimalloc
LogInit: Installed Engine Build: 1
LogInit: Presizing for max 100000 objects, including 0 objects not considered by GC, pre-allocating 0 bytes for permanent pool.
LogInit: Object subsystem initialized
LogConfig: Applying CVar settings from Section [ConsoleVariables] File [Engine]
[2022.11.20-17.39.55:829][  0]LogInit: Unix hardware info:
[2022.11.20-17.39.55:829][  0]LogInit:  - we are the first instance of this executable
[2022.11.20-17.39.55:829][  0]LogInit:  - this process' id (pid) is 46445, parent process' id (ppid) is 4521
[2022.11.20-17.39.55:829][  0]LogInit:  - we are not running under debugger
[2022.11.20-17.39.55:829][  0]LogInit:  - machine network name is 'Petke'
[2022.11.20-17.39.55:829][  0]LogInit:  - user name is 'dominykas' (dominykas)
[2022.11.20-17.39.55:829][  0]LogInit:  - we're logged in locally
[2022.11.20-17.39.55:829][  0]LogInit:  - we're running with rendering
[2022.11.20-17.39.55:829][  0]LogInit:  - CPU: GenuineIntel 'Intel(R) Core(TM) i7-10750H CPU @ 2.60GHz' (signature: 0xA0652)
[2022.11.20-17.39.55:829][  0]LogInit:  - Number of physical cores available for the process: 6
[2022.11.20-17.39.55:829][  0]LogInit:  - Number of logical cores available for the process: 12
[2022.11.20-17.39.55:829][  0]LogInit:  - Cache line size: 64
[2022.11.20-17.39.55:829][  0]LogInit:  - GPU Info. Card0 PCI-id: 0x8086-0x9bc4 Card1 PCI-id: 0x10de-0x1f15 NVRM version: NVIDIA UNIX x86_64 Kernel Module  520.56.06  Thu Oct  6 21:38:55 UTC 2022
[2022.11.20-17.39.55:829][  0]LogInit:  - Memory allocator used: Mimalloc
[2022.11.20-17.39.55:829][  0]LogInit:  - This binary is optimized with LTO: no, PGO: no, instrumented for PGO data collection: no
[2022.11.20-17.39.55:829][  0]LogInit:  - This is an internal build.
[2022.11.20-17.39.55:829][  0]LogCore: Skipped benchmarking clocks because the engine is running in a standalone program mode - CLOCK_MONOTONIC will be used.
[2022.11.20-17.39.55:829][  0]LogInit: Unix-specific commandline switches:
[2022.11.20-17.39.55:829][  0]LogInit:  -ansimalloc - use malloc()/free() from libc (useful for tools like valgrind and electric fence)
[2022.11.20-17.39.55:829][  0]LogInit:  -jemalloc - use jemalloc for all memory allocation
[2022.11.20-17.39.55:829][  0]LogInit:  -binnedmalloc - use binned malloc  for all memory allocation
[2022.11.20-17.39.55:829][  0]LogInit:  -filemapcachesize=NUMBER - set the size for case-sensitive file mapping cache
[2022.11.20-17.39.55:829][  0]LogInit:  -useksm - uses kernel same-page mapping (KSM) for mapped memory (OFF)
[2022.11.20-17.39.55:829][  0]LogInit:  -ksmmergeall - marks all mmap'd memory pages suitable for KSM (OFF)
[2022.11.20-17.39.55:829][  0]LogInit:  -preloadmodulesymbols - Loads the main module symbols file into memory (OFF)
[2022.11.20-17.39.55:829][  0]LogInit:  -sigdfl=SIGNAL - Allows a specific signal to be set to its default handler rather then ignoring the signal
[2022.11.20-17.39.55:829][  0]LogInit:  -crashhandlerstacksize - Allows setting crash handler stack sizes (204800)
[2022.11.20-17.39.55:829][  0]LogInit:  -noexclusivelockonwrite - disables marking files created by the engine as exclusive locked while the engine has them opened
[2022.11.20-17.39.55:829][  0]LogInit:  -httpproxy=ADDRESS:PORT - redirects HTTP requests to a proxy (only supported if compiled with libcurl)
[2022.11.20-17.39.55:829][  0]LogInit:  -reuseconn - allow libcurl to reuse HTTP connections (only matters if compiled with libcurl)
[2022.11.20-17.39.55:829][  0]LogInit:  -virtmemkb=NUMBER - sets process virtual memory (address space) limit (overrides VirtualMemoryLimitInKB value from .ini)
[2022.11.20-17.39.55:829][  0]LogInit:  - Physical RAM available (not considering process quota): 16 GB (15819 MB, 16199564 KB, 16588353536 bytes)
[2022.11.20-17.39.55:829][  0]LogInit:  - VirtualMemoryAllocator pools will grow at scale 1.4
[2022.11.20-17.39.55:829][  0]LogInit:  - MemoryRangeDecommit() will be a no-op (re-run with -vmapoolevict to change)
[2022.11.20-17.39.55:832][  0]LogUObjectArray: 388 objects as part of root set at end of initial load.
[2022.11.20-17.39.55:832][  0]LogUObjectAllocator: 79480 out of 0 bytes used by permanent object pool.
[2022.11.20-17.39.55:832][  0]LogUObjectArray: CloseDisregardForGC: 0/0 objects in disregard for GC pool
[2022.11.20-17.39.55:832][  0]LogInit: Using OS detected language (en-US).
[2022.11.20-17.39.55:832][  0]LogInit: Using OS detected locale (en-US).
[2022.11.20-17.39.55:832][  0]LogTextLocalizationManager: No specific localization for 'en-US' exists, so 'en' will be used for the language.
[2022.11.20-17.39.55:855][  0]LogInit: Using OS detected language (en-US).
[2022.11.20-17.39.55:855][  0]LogInit: Using OS detected locale (en-US).
[2022.11.20-17.39.55:855][  0]LogTextLocalizationManager: No localization for 'en-US' exists, so 'en' will be used for the language.
[2022.11.20-17.39.55:855][  0]LogTextLocalizationManager: No localization for 'en-US' exists, so 'en' will be used for the locale.
[2022.11.20-17.39.55:855][  0]LogPackageLocalizationCache: Processed 2 localized package path(s) for 1 prioritized culture(s) in 0.000033 seconds
[2022.11.20-17.39.55:855][  0]CrashReportCoreLog: CrashReportClientVersion=1.0
[2022.11.20-17.39.55:855][  0]CrashReportCoreLog: CrashReportReceiver disabled
[2022.11.20-17.39.55:855][  0]CrashReportCoreLog: DataRouterUrl: https://datarouter.ol.epicgames.com/datarouter/api/v1/public/data
[2022.11.20-17.39.55:886][  0]LogInit: Using libcurl 7.65.3-DEV
[2022.11.20-17.39.55:886][  0]LogInit:  - built for x86_64-unknown-linux-gnu
[2022.11.20-17.39.55:886][  0]LogInit:  - supports SSL with OpenSSL/1.1.1c
[2022.11.20-17.39.55:886][  0]LogInit:  - supports HTTP deflate (compression) using libz 1.2.8
[2022.11.20-17.39.55:886][  0]LogInit:  - other features:
[2022.11.20-17.39.55:886][  0]LogInit:      CURL_VERSION_SSL
[2022.11.20-17.39.55:886][  0]LogInit:      CURL_VERSION_LIBZ
[2022.11.20-17.39.55:886][  0]LogInit:      CURL_VERSION_IPV6
[2022.11.20-17.39.55:886][  0]LogInit:      CURL_VERSION_ASYNCHDNS
[2022.11.20-17.39.55:886][  0]LogInit:      CURL_VERSION_LARGEFILE
[2022.11.20-17.39.55:886][  0]LogInit:      CURL_VERSION_TLSAUTH_SRP
[2022.11.20-17.39.55:886][  0]LogInit:  CurlRequestOptions (configurable via config and command line):
[2022.11.20-17.39.55:886][  0]LogInit:  - bVerifyPeer = false  - Libcurl will NOT verify peer certificate
[2022.11.20-17.39.55:886][  0]LogInit:  - bUseHttpProxy = false  - Libcurl will NOT use HTTP proxy
[2022.11.20-17.39.55:886][  0]LogInit:  - bDontReuseConnections = false  - Libcurl will reuse connections
[2022.11.20-17.39.55:886][  0]LogInit:  - MaxHostConnections = 16  - Libcurl will limit the number of connections to a host
[2022.11.20-17.39.55:886][  0]LogInit:  - LocalHostAddr = Default
[2022.11.20-17.39.55:886][  0]LogInit:  - BufferSize = 65536
[2022.11.20-17.39.55:887][  0]LogAnalytics: Display: [CrashReporter.Release] APIServer = https://datarouter.ol.epicgames.com/. AppVersion = ++UE5+Release-5.0-CL-20979098
[2022.11.20-17.39.55:889][  0]CrashReportCoreLog: Initial state = Unknown UploadState value
[2022.11.20-17.39.55:889][  0]CrashReportCoreLog: Initial state = Unknown UploadState value
[2022.11.20-17.39.55:889][  0]LogCrashDebugHelper: DepotName: //UE5/Release-5.0
[2022.11.20-17.39.55:889][  0]LogCrashDebugHelper: BuiltFromCL: 20979098
[2022.11.20-17.39.55:889][  0]LogCrashDebugHelper: EngineVersion: 5.0.3-20979098+++UE5+Release-5.0
[2022.11.20-17.39.55:889][  0]LogCrashDebugHelper: BuildVersion: ++UE5+Release-5.0-CL-20979098
[2022.11.20-17.39.56:860][  0]CrashReportCoreLog: Got 4 pending files to upload from 'ensureinfo-VrBowling-pid-4521-3BCBAFD030474935A50C1EFF8C66E0DA'
[2022.11.20-17.39.56:860][  0]CrashReportCoreLog: State change from Ready to SendingFiles
[2022.11.20-17.39.56:860][  0]CrashReportCoreLog: CompressAndSendData have 4 pending files
[2022.11.20-17.39.56:860][  0]CrashReportCoreLog: CompressAndSendData compressing 3213 bytes ('/home/dominykas/Git/VrBowling/Saved/Crashes/ensureinfo-VrBowling-pid-4521-3BCBAFD030474935A50C1EFF8C66E0DA/Diagnostics.txt')
[2022.11.20-17.39.56:860][  0]CrashReportCoreLog: CompressAndSendData compressing 31154 bytes ('/home/dominykas/Git/VrBowling/Saved/Crashes/ensureinfo-VrBowling-pid-4521-3BCBAFD030474935A50C1EFF8C66E0DA/CrashContext.runtime-xml')
[2022.11.20-17.39.56:860][  0]CrashReportCoreLog: CompressAndSendData compressing 367325 bytes ('/home/dominykas/Git/VrBowling/Saved/Crashes/ensureinfo-VrBowling-pid-4521-3BCBAFD030474935A50C1EFF8C66E0DA/VrBowling.log')
[2022.11.20-17.39.56:860][  0]CrashReportCoreLog: CompressAndSendData compressing 107 bytes ('/home/dominykas/Git/VrBowling/Saved/Crashes/ensureinfo-VrBowling-pid-4521-3BCBAFD030474935A50C1EFF8C66E0DA/CrashReportClient.ini')
[2022.11.20-17.39.56:874][  0]CrashReportCoreLog: Sending HTTP request: https://datarouter.ol.epicgames.com/datarouter/api/v1/public/data?AppID=CrashReporter&AppVersion=5.0.3-20979098%2B%2B%2BUE5%2BRelease-5.0&AppEnvironment=Release&UploadType=crashreports&UserID=f924a0a73eb8497894853869c47cc44e-000003e8%7C%7Cf924a0a73eb8497894853869c47cc44e
[2022.11.20-17.39.57:694][  0]CrashReportCoreLog: OnProcessRequestComplete(), State=SendingFiles bSucceeded=1
[2022.11.20-17.39.57:694][  0]CrashReportCoreLog: State change from SendingFiles to SendingFiles
[2022.11.20-17.39.57:694][  0]CrashReportCoreLog: All uploads done
[2022.11.20-17.39.57:694][  0]CrashReportCoreLog: State change from SendingFiles to Finished
[2022.11.20-17.39.57:894][  0]CrashReportCoreLog: Final state (Receiver) = Finished
[2022.11.20-17.39.57:894][  0]CrashReportCoreLog: Final state (Receiver) = Unknown UploadState value
[2022.11.20-17.39.57:894][  0]LogCore: Engine exit requested (reason: CrashReportClientApp RequestExit)
[2022.11.20-17.39.57:894][  0]LogExit: Preparing to exit.
[2022.11.20-17.39.57:895][  0]LogExit: Object subsystem successfully closed.
[2022.11.20-17.39.57:895][  0]LogModuleManager: Shutting down and abandoning module CrashDebugHelper (14)
[2022.11.20-17.39.57:895][  0]LogModuleManager: Shutting down and abandoning module AnalyticsET (12)
[2022.11.20-17.39.57:895][  0]LogModuleManager: Shutting down and abandoning module HTTP (11)
[2022.11.20-17.39.57:895][  0]LogHttp: Warning: Http module shutting down, but needs to wait on 1 outstanding Http requests:
[2022.11.20-17.39.57:895][  0]LogHttp: Warning: 	verb=[POST] url=[https://datarouter.ol.epicgames.com/datarouter/api/v1/public/data?SessionID=%7BBC3A9BA6-AF3F-447F-9D1E-3C85F513FB02%7D&AppID=CrashReporter.Release&AppVersion=%2B%2BUE5%2BRelease-5.0-CL-20979098&UserID=f924a0a73eb8497894853869c47cc44e-000003e8%7C%7Cf924a0a73eb8497894853869c47cc44e&AppEnvironment=datacollector-binary&UploadType=eteventstream] refs=[1] status=Processing
[2022.11.20-17.39.57:895][  0]LogHttp: Warning: Cleaning up 1 outstanding Http requests.
[2022.11.20-17.39.57:895][  0]LogHttp: Warning: Sleeping 0.500s to wait for 1 outstanding Http requests.
[2022.11.20-17.39.58:421][  0]LogModuleManager: Shutting down and abandoning module SSL (10)
[2022.11.20-17.39.58:422][  0]LogModuleManager: Shutting down and abandoning module CoreUObject (6)
[2022.11.20-17.39.58:422][  0]LogModuleManager: Shutting down and abandoning module PakFile (4)
[2022.11.20-17.39.58:422][  0]LogModuleManager: Shutting down and abandoning module RSA (3)
[2022.11.20-17.39.58:424][  0]LogExit: Exiting.
[2022.11.20-17.39.58:430][  0]Log file closed, 11/20/22 19:39:58
